<?xml version="1.0" encoding="UTF-8"?>
<!-- Generated by org.testng.reporters.JUnitReportReporter -->
<testsuite hostname="Arohi-Kalasad" failures="0" tests="1" name="com.learnautomation.testcases.LoginTestCRM" time="7.220" errors="0" timestamp="2022-05-25T00:16:20 IST" skipped="0">
  <testcase classname="com.learnautomation.testcases.LoginTestCRM" name="loginApp" time="7.220"/>
  <system-out/>
</testsuite> <!-- com.learnautomation.testcases.LoginTestCRM -->
